<?xml version="1.0" encoding="UTF-8"?>
<testng-results ignored="1" total="2" passed="1" failed="0" skipped="0">
  <reporter-output>
  </reporter-output>
  <suite started-at="2020-04-26T15:50:37 EDT" name="Suite" finished-at="2020-04-26T15:50:59 EDT" duration-ms="21924">
    <groups>
    </groups>
    <test started-at="2020-04-26T15:50:37 EDT" name="Test" finished-at="2020-04-26T15:50:59 EDT" duration-ms="21924">
      <class name="test.TestCase">
        <test-method signature="register()[pri:2, instance:test.TestCase@525b461a]" started-at="2020-04-26T15:50:37 EDT" name="register" finished-at="2020-04-26T15:50:59 EDT" duration-ms="21882" status="PASS">
          <reporter-output>
          </reporter-output>
        </test-method> <!-- register -->
      </class> <!-- test.TestCase -->
    </test> <!-- Test -->
  </suite> <!-- Suite -->
</testng-results>
